<?xml version="1.0" encoding="UTF-8"?>
<!-- Generated by org.testng.reporters.JUnitXMLReporter -->
<testsuite ignored="0" hostname="DESKTOP-DRDP7JE" failures="0" tests="5" name="Testinggggg" time="0.105" errors="0" timestamp="2022-11-04T09:01:52 IST">
  <testcase classname="testing.day3" name="Food" time="0.013"/>
  <testcase classname="testing.day4" name="Happy" time="0.004"/>
  <testcase classname="testing.day4" name="Holiday" time="0.002"/>
  <testcase classname="testing.day4" name="Sweets" time="0.002"/>
  <testcase classname="testing.day2" name="Thing" time="0.004"/>
</testsuite> <!-- Testinggggg -->
